<?xml version="1.0" encoding="UTF-8"?>
<!-- Generated by org.testng.reporters.JUnitReportReporter -->
<testsuite hostname="EPPLWROW00C0" failures="0" tests="1" name="com.gmailtest.test.MailTest" time="28.229" errors="0" timestamp="2023-04-21T12:40:01 CEST" skipped="0">
  <testcase classname="com.gmailtest.test.MailTest" name="saveDraftEmailTest" time="28.229"/>
  <system-out/>
</testsuite> <!-- com.gmailtest.test.MailTest -->
