<?xml version="1.0" encoding="UTF-8"?>
<!-- Generated by org.testng.reporters.JUnitReportReporter -->
<testsuite hostname="EPPLWROW00C0" failures="0" tests="1" name="tests.TestCalculation" time="15.073" errors="0" timestamp="14 Mar 2023 14:54:06 GMT" skipped="0">
  <testcase classname="tests.TestCalculation" name="culculateCloudPricingTest" time="15.073"/>
</testsuite> <!-- tests.TestCalculation -->
