<?xml version="1.0" encoding="UTF-8"?>
<!-- Generated by org.testng.reporters.JUnitReportReporter -->
<testsuite hostname="EPPLWROW00C0" failures="0" tests="1" name="tests.TestCalculation" time="26.565" errors="0" timestamp="06 Mar 2023 11:23:04 GMT" skipped="0">
  <testcase classname="tests.TestCalculation" name="culculateCloudPricingTest" time="26.565"/>
</testsuite> <!-- tests.TestCalculation -->
